<?xml version="1.0" encoding="UTF-8"?>
<!-- Generated by org.testng.reporters.JUnitReportReporter -->
<testsuite hostname="DESKTOP-0N6SKDQ" failures="0" tests="1" name="MyTestCases.SignUp" time="7.699" errors="0" timestamp="2024-02-01T12:53:55 EET" skipped="0">
  <testcase classname="MyTestCases.SignUp" name="SignUp" time="7.699"/>
  <system-out/>
</testsuite> <!-- MyTestCases.SignUp -->
