<?xml version="1.0" encoding="UTF-8"?>
<!-- Generated by org.testng.reporters.JUnitReportReporter -->
<testsuite hostname="DESKTOP-0N6SKDQ" failures="0" tests="5" name="MyTestCases.SignUp" time="14.758" errors="0" timestamp="2024-02-04T12:07:21 EET" skipped="3">
  <testcase classname="MyTestCases.SignUp" name="Counter" time="3.655"/>
  <system-out/>
  <testcase classname="MyTestCases.SignUp" name="addOneRandomItem" time="11.103"/>
  <system-out/>
  <testcase classname="MyTestCases.SignUp" name="logOut">
    <skipped/>
  </testcase> <!-- logOut -->
  <system-out/>
  <testcase classname="MyTestCases.SignUp" name="SignIn">
    <skipped/>
  </testcase> <!-- SignIn -->
  <system-out/>
  <testcase classname="MyTestCases.SignUp" name="SignUp">
    <skipped/>
  </testcase> <!-- SignUp -->
  <system-out/>
</testsuite> <!-- MyTestCases.SignUp -->
